2023-10-12T21:56:11.605+05:30  INFO 1276 --- [restartedMain] .m.BusTicketReservationSystemApplication : Starting BusTicketReservationSystemApplication using Java 17.0.6 with PID 1276 (C:\Users\DISHA COMPUTERS\Desktop\Desktop\CW B29 Project\tart-clover-1298\Book My Bus(Backend)\target\classes started by DISHA COMPUTERS in C:\Users\DISHA COMPUTERS\Desktop\Desktop\CW B29 Project\tart-clover-1298\Book My Bus(Backend))
2023-10-12T21:56:11.619+05:30  INFO 1276 --- [restartedMain] .m.BusTicketReservationSystemApplication : The following 1 profile is active: "prod"
2023-10-12T21:56:12.019+05:30  INFO 1276 --- [restartedMain] .e.DevToolsPropertyDefaultsPostProcessor : Devtools property defaults active! Set 'spring.devtools.add-properties' to 'false' to disable
2023-10-12T21:56:12.021+05:30  INFO 1276 --- [restartedMain] .e.DevToolsPropertyDefaultsPostProcessor : For additional web related logging consider setting the 'logging.level.web' property to 'DEBUG'
2023-10-12T21:56:14.395+05:30  INFO 1276 --- [restartedMain] .s.d.r.c.RepositoryConfigurationDelegate : Bootstrapping Spring Data JPA repositories in DEFAULT mode.
2023-10-12T21:56:14.526+05:30  INFO 1276 --- [restartedMain] .s.d.r.c.RepositoryConfigurationDelegate : Finished Spring Data repository scanning in 114 ms. Found 6 JPA repository interfaces.
2023-10-12T21:56:15.470+05:30  INFO 1276 --- [restartedMain] o.s.b.w.embedded.tomcat.TomcatWebServer  : Tomcat initialized with port(s): 8088 (http)
2023-10-12T21:56:15.489+05:30  INFO 1276 --- [restartedMain] o.apache.catalina.core.StandardService   : Starting service [Tomcat]
2023-10-12T21:56:15.490+05:30  INFO 1276 --- [restartedMain] o.apache.catalina.core.StandardEngine    : Starting Servlet engine: [Apache Tomcat/10.1.10]
2023-10-12T21:56:15.649+05:30  INFO 1276 --- [restartedMain] o.a.c.c.C.[Tomcat].[localhost].[/]       : Initializing Spring embedded WebApplicationContext
2023-10-12T21:56:15.650+05:30  INFO 1276 --- [restartedMain] w.s.c.ServletWebServerApplicationContext : Root WebApplicationContext: initialization completed in 3622 ms
2023-10-12T21:56:15.977+05:30  INFO 1276 --- [restartedMain] o.hibernate.jpa.internal.util.LogHelper  : HHH000204: Processing PersistenceUnitInfo [name: default]
2023-10-12T21:56:16.095+05:30  INFO 1276 --- [restartedMain] org.hibernate.Version                    : HHH000412: Hibernate ORM core version 6.2.5.Final
2023-10-12T21:56:16.100+05:30  INFO 1276 --- [restartedMain] org.hibernate.cfg.Environment            : HHH000406: Using bytecode reflection optimizer
2023-10-12T21:56:16.385+05:30  INFO 1276 --- [restartedMain] o.h.b.i.BytecodeProviderInitiator        : HHH000021: Bytecode provider name : bytebuddy
2023-10-12T21:56:16.672+05:30  INFO 1276 --- [restartedMain] o.s.o.j.p.SpringPersistenceUnitInfo      : No LoadTimeWeaver setup: ignoring JPA class transformer
2023-10-12T21:56:16.708+05:30  INFO 1276 --- [restartedMain] com.zaxxer.hikari.HikariDataSource       : HikariPool-1 - Starting...
2023-10-12T21:56:17.289+05:30  INFO 1276 --- [restartedMain] com.zaxxer.hikari.pool.HikariPool        : HikariPool-1 - Added connection com.mysql.cj.jdbc.ConnectionImpl@74045b2b
2023-10-12T21:56:17.294+05:30  INFO 1276 --- [restartedMain] com.zaxxer.hikari.HikariDataSource       : HikariPool-1 - Start completed.
2023-10-12T21:56:17.939+05:30  INFO 1276 --- [restartedMain] o.h.b.i.BytecodeProviderInitiator        : HHH000021: Bytecode provider name : bytebuddy
2023-10-12T21:56:19.271+05:30  INFO 1276 --- [restartedMain] o.h.e.t.j.p.i.JtaPlatformInitiator       : HHH000490: Using JtaPlatform implementation: [org.hibernate.engine.transaction.jta.platform.internal.NoJtaPlatform]
2023-10-12T21:56:19.850+05:30  INFO 1276 --- [restartedMain] j.LocalContainerEntityManagerFactoryBean : Initialized JPA EntityManagerFactory for persistence unit 'default'
2023-10-12T21:56:20.683+05:30  WARN 1276 --- [restartedMain] JpaBaseConfiguration$JpaWebConfiguration : spring.jpa.open-in-view is enabled by default. Therefore, database queries may be performed during view rendering. Explicitly configure spring.jpa.open-in-view to disable this warning
2023-10-12T21:56:21.721+05:30  INFO 1276 --- [restartedMain] o.s.b.d.a.OptionalLiveReloadServer       : LiveReload server is running on port 35729
2023-10-12T21:56:21.805+05:30  INFO 1276 --- [restartedMain] o.s.b.w.embedded.tomcat.TomcatWebServer  : Tomcat started on port(s): 8088 (http) with context path ''
2023-10-12T21:56:21.828+05:30  INFO 1276 --- [restartedMain] .m.BusTicketReservationSystemApplication : Started BusTicketReservationSystemApplication in 10.883 seconds (process running for 12.188)
2023-10-12T21:58:04.518+05:30  INFO 1276 --- [File Watcher] rtingClassPathChangeChangedEventListener : Restarting due to 1 class path change (0 additions, 0 deletions, 1 modification)
2023-10-12T21:58:04.542+05:30  INFO 1276 --- [Thread-5] o.apache.catalina.core.StandardService   : Stopping service [Tomcat]
2023-10-12T21:58:04.562+05:30  INFO 1276 --- [Thread-5] j.LocalContainerEntityManagerFactoryBean : Closing JPA EntityManagerFactory for persistence unit 'default'
2023-10-12T21:58:04.568+05:30  INFO 1276 --- [Thread-5] com.zaxxer.hikari.HikariDataSource       : HikariPool-1 - Shutdown initiated...
2023-10-12T21:58:04.596+05:30  INFO 1276 --- [Thread-5] com.zaxxer.hikari.HikariDataSource       : HikariPool-1 - Shutdown completed.
2023-10-12T21:58:05.002+05:30  INFO 1276 --- [restartedMain] .m.BusTicketReservationSystemApplication : Starting BusTicketReservationSystemApplication using Java 17.0.6 with PID 1276 (C:\Users\DISHA COMPUTERS\Desktop\Desktop\CW B29 Project\tart-clover-1298\Book My Bus(Backend)\target\classes started by DISHA COMPUTERS in C:\Users\DISHA COMPUTERS\Desktop\Desktop\CW B29 Project\tart-clover-1298\Book My Bus(Backend))
2023-10-12T21:58:05.007+05:30  INFO 1276 --- [restartedMain] .m.BusTicketReservationSystemApplication : The following 1 profile is active: "prod"
2023-10-12T21:58:05.576+05:30  INFO 1276 --- [restartedMain] .s.d.r.c.RepositoryConfigurationDelegate : Bootstrapping Spring Data JPA repositories in DEFAULT mode.
2023-10-12T21:58:05.609+05:30  INFO 1276 --- [restartedMain] .s.d.r.c.RepositoryConfigurationDelegate : Finished Spring Data repository scanning in 30 ms. Found 6 JPA repository interfaces.
2023-10-12T21:58:05.757+05:30  INFO 1276 --- [restartedMain] o.s.b.w.embedded.tomcat.TomcatWebServer  : Tomcat initialized with port(s): 8088 (http)
2023-10-12T21:58:05.760+05:30  INFO 1276 --- [restartedMain] o.apache.catalina.core.StandardService   : Starting service [Tomcat]
2023-10-12T21:58:05.761+05:30  INFO 1276 --- [restartedMain] o.apache.catalina.core.StandardEngine    : Starting Servlet engine: [Apache Tomcat/10.1.10]
2023-10-12T21:58:05.785+05:30  INFO 1276 --- [restartedMain] o.a.c.c.C.[Tomcat].[localhost].[/]       : Initializing Spring embedded WebApplicationContext
2023-10-12T21:58:05.786+05:30  INFO 1276 --- [restartedMain] w.s.c.ServletWebServerApplicationContext : Root WebApplicationContext: initialization completed in 768 ms
2023-10-12T21:58:05.834+05:30  INFO 1276 --- [restartedMain] o.hibernate.jpa.internal.util.LogHelper  : HHH000204: Processing PersistenceUnitInfo [name: default]
2023-10-12T21:58:05.845+05:30  INFO 1276 --- [restartedMain] o.h.b.i.BytecodeProviderInitiator        : HHH000021: Bytecode provider name : bytebuddy
2023-10-12T21:58:05.846+05:30  INFO 1276 --- [restartedMain] o.s.o.j.p.SpringPersistenceUnitInfo      : No LoadTimeWeaver setup: ignoring JPA class transformer
2023-10-12T21:58:05.849+05:30  INFO 1276 --- [restartedMain] com.zaxxer.hikari.HikariDataSource       : HikariPool-2 - Starting...
2023-10-12T21:58:05.870+05:30  INFO 1276 --- [restartedMain] com.zaxxer.hikari.pool.HikariPool        : HikariPool-2 - Added connection com.mysql.cj.jdbc.ConnectionImpl@6583ff58
2023-10-12T21:58:05.870+05:30  INFO 1276 --- [restartedMain] com.zaxxer.hikari.HikariDataSource       : HikariPool-2 - Start completed.
2023-10-12T21:58:05.901+05:30  INFO 1276 --- [restartedMain] o.h.b.i.BytecodeProviderInitiator        : HHH000021: Bytecode provider name : bytebuddy
2023-10-12T21:58:06.052+05:30  INFO 1276 --- [restartedMain] o.h.e.t.j.p.i.JtaPlatformInitiator       : HHH000490: Using JtaPlatform implementation: [org.hibernate.engine.transaction.jta.platform.internal.NoJtaPlatform]
2023-10-12T21:58:06.254+05:30  INFO 1276 --- [restartedMain] j.LocalContainerEntityManagerFactoryBean : Initialized JPA EntityManagerFactory for persistence unit 'default'
2023-10-12T21:58:06.493+05:30  WARN 1276 --- [restartedMain] JpaBaseConfiguration$JpaWebConfiguration : spring.jpa.open-in-view is enabled by default. Therefore, database queries may be performed during view rendering. Explicitly configure spring.jpa.open-in-view to disable this warning
2023-10-12T21:58:06.952+05:30  INFO 1276 --- [restartedMain] o.s.b.d.a.OptionalLiveReloadServer       : LiveReload server is running on port 35729
2023-10-12T21:58:07.000+05:30  INFO 1276 --- [restartedMain] o.s.b.w.embedded.tomcat.TomcatWebServer  : Tomcat started on port(s): 8088 (http) with context path ''
2023-10-12T21:58:07.031+05:30  INFO 1276 --- [restartedMain] .m.BusTicketReservationSystemApplication : Started BusTicketReservationSystemApplication in 2.278 seconds (process running for 117.39)
2023-10-12T21:58:07.037+05:30  INFO 1276 --- [restartedMain] .ConditionEvaluationDeltaLoggingListener : Condition evaluation unchanged
2023-10-12T22:09:13.650+05:30  INFO 1276 --- [File Watcher] rtingClassPathChangeChangedEventListener : Restarting due to 1 class path change (0 additions, 0 deletions, 1 modification)
2023-10-12T22:09:13.670+05:30  INFO 1276 --- [Thread-7] o.apache.catalina.core.StandardService   : Stopping service [Tomcat]
2023-10-12T22:09:13.677+05:30  INFO 1276 --- [Thread-7] j.LocalContainerEntityManagerFactoryBean : Closing JPA EntityManagerFactory for persistence unit 'default'
2023-10-12T22:09:13.678+05:30  INFO 1276 --- [Thread-7] com.zaxxer.hikari.HikariDataSource       : HikariPool-2 - Shutdown initiated...
2023-10-12T22:09:13.686+05:30  INFO 1276 --- [Thread-7] com.zaxxer.hikari.HikariDataSource       : HikariPool-2 - Shutdown completed.
2023-10-12T22:09:13.799+05:30  INFO 1276 --- [restartedMain] .m.BusTicketReservationSystemApplication : Starting BusTicketReservationSystemApplication using Java 17.0.6 with PID 1276 (C:\Users\DISHA COMPUTERS\Desktop\Desktop\CW B29 Project\tart-clover-1298\Book My Bus(Backend)\target\classes started by DISHA COMPUTERS in C:\Users\DISHA COMPUTERS\Desktop\Desktop\CW B29 Project\tart-clover-1298\Book My Bus(Backend))
2023-10-12T22:09:13.800+05:30  INFO 1276 --- [restartedMain] .m.BusTicketReservationSystemApplication : The following 1 profile is active: "dev"
2023-10-12T22:09:14.100+05:30  INFO 1276 --- [restartedMain] .s.d.r.c.RepositoryConfigurationDelegate : Bootstrapping Spring Data JPA repositories in DEFAULT mode.
2023-10-12T22:09:14.132+05:30  INFO 1276 --- [restartedMain] .s.d.r.c.RepositoryConfigurationDelegate : Finished Spring Data repository scanning in 30 ms. Found 6 JPA repository interfaces.
2023-10-12T22:09:14.287+05:30  INFO 1276 --- [restartedMain] o.s.b.w.embedded.tomcat.TomcatWebServer  : Tomcat initialized with port(s): 8088 (http)
2023-10-12T22:09:14.290+05:30  INFO 1276 --- [restartedMain] o.apache.catalina.core.StandardService   : Starting service [Tomcat]
2023-10-12T22:09:14.292+05:30  INFO 1276 --- [restartedMain] o.apache.catalina.core.StandardEngine    : Starting Servlet engine: [Apache Tomcat/10.1.10]
2023-10-12T22:09:14.313+05:30  INFO 1276 --- [restartedMain] o.a.c.c.C.[Tomcat].[localhost].[/]       : Initializing Spring embedded WebApplicationContext
2023-10-12T22:09:14.314+05:30  INFO 1276 --- [restartedMain] w.s.c.ServletWebServerApplicationContext : Root WebApplicationContext: initialization completed in 507 ms
2023-10-12T22:09:14.361+05:30  INFO 1276 --- [restartedMain] o.hibernate.jpa.internal.util.LogHelper  : HHH000204: Processing PersistenceUnitInfo [name: default]
2023-10-12T22:09:14.376+05:30  INFO 1276 --- [restartedMain] o.h.b.i.BytecodeProviderInitiator        : HHH000021: Bytecode provider name : bytebuddy
2023-10-12T22:09:14.376+05:30  INFO 1276 --- [restartedMain] o.s.o.j.p.SpringPersistenceUnitInfo      : No LoadTimeWeaver setup: ignoring JPA class transformer
2023-10-12T22:09:14.378+05:30  INFO 1276 --- [restartedMain] com.zaxxer.hikari.HikariDataSource       : HikariPool-3 - Starting...
2023-10-12T22:09:14.401+05:30  INFO 1276 --- [restartedMain] com.zaxxer.hikari.pool.HikariPool        : HikariPool-3 - Added connection com.mysql.cj.jdbc.ConnectionImpl@505c5d6d
2023-10-12T22:09:14.401+05:30  INFO 1276 --- [restartedMain] com.zaxxer.hikari.HikariDataSource       : HikariPool-3 - Start completed.
2023-10-12T22:09:14.436+05:30  INFO 1276 --- [restartedMain] o.h.b.i.BytecodeProviderInitiator        : HHH000021: Bytecode provider name : bytebuddy
2023-10-12T22:09:14.552+05:30  INFO 1276 --- [restartedMain] o.h.e.t.j.p.i.JtaPlatformInitiator       : HHH000490: Using JtaPlatform implementation: [org.hibernate.engine.transaction.jta.platform.internal.NoJtaPlatform]
2023-10-12T22:09:14.732+05:30  INFO 1276 --- [restartedMain] j.LocalContainerEntityManagerFactoryBean : Initialized JPA EntityManagerFactory for persistence unit 'default'
2023-10-12T22:09:15.139+05:30  WARN 1276 --- [restartedMain] JpaBaseConfiguration$JpaWebConfiguration : spring.jpa.open-in-view is enabled by default. Therefore, database queries may be performed during view rendering. Explicitly configure spring.jpa.open-in-view to disable this warning
2023-10-12T22:09:15.575+05:30  INFO 1276 --- [restartedMain] o.s.b.d.a.OptionalLiveReloadServer       : LiveReload server is running on port 35729
2023-10-12T22:09:15.607+05:30  INFO 1276 --- [restartedMain] o.s.b.w.embedded.tomcat.TomcatWebServer  : Tomcat started on port(s): 8088 (http) with context path ''
2023-10-12T22:09:15.636+05:30  INFO 1276 --- [restartedMain] .m.BusTicketReservationSystemApplication : Started BusTicketReservationSystemApplication in 1.881 seconds (process running for 784.645)
2023-10-12T22:09:15.640+05:30  INFO 1276 --- [restartedMain] .ConditionEvaluationDeltaLoggingListener : Condition evaluation unchanged
2023-10-12T22:09:20.152+05:30  INFO 1276 --- [File Watcher] rtingClassPathChangeChangedEventListener : Restarting due to 1 class path change (0 additions, 0 deletions, 1 modification)
2023-10-12T22:09:20.188+05:30  INFO 1276 --- [Thread-11] o.apache.catalina.core.StandardService   : Stopping service [Tomcat]
2023-10-12T22:09:20.198+05:30  INFO 1276 --- [Thread-11] j.LocalContainerEntityManagerFactoryBean : Closing JPA EntityManagerFactory for persistence unit 'default'
2023-10-12T22:09:20.199+05:30  INFO 1276 --- [Thread-11] com.zaxxer.hikari.HikariDataSource       : HikariPool-3 - Shutdown initiated...
2023-10-12T22:09:20.216+05:30  INFO 1276 --- [Thread-11] com.zaxxer.hikari.HikariDataSource       : HikariPool-3 - Shutdown completed.
2023-10-12T22:09:20.328+05:30  INFO 1276 --- [restartedMain] .m.BusTicketReservationSystemApplication : Starting BusTicketReservationSystemApplication using Java 17.0.6 with PID 1276 (C:\Users\DISHA COMPUTERS\Desktop\Desktop\CW B29 Project\tart-clover-1298\Book My Bus(Backend)\target\classes started by DISHA COMPUTERS in C:\Users\DISHA COMPUTERS\Desktop\Desktop\CW B29 Project\tart-clover-1298\Book My Bus(Backend))
2023-10-12T22:09:20.328+05:30  INFO 1276 --- [restartedMain] .m.BusTicketReservationSystemApplication : The following 1 profile is active: "dev"
2023-10-12T22:09:20.603+05:30  INFO 1276 --- [restartedMain] .s.d.r.c.RepositoryConfigurationDelegate : Bootstrapping Spring Data JPA repositories in DEFAULT mode.
2023-10-12T22:09:20.639+05:30  INFO 1276 --- [restartedMain] .s.d.r.c.RepositoryConfigurationDelegate : Finished Spring Data repository scanning in 33 ms. Found 6 JPA repository interfaces.
2023-10-12T22:09:20.779+05:30  INFO 1276 --- [restartedMain] o.s.b.w.embedded.tomcat.TomcatWebServer  : Tomcat initialized with port(s): 8088 (http)
2023-10-12T22:09:20.780+05:30  INFO 1276 --- [restartedMain] o.apache.catalina.core.StandardService   : Starting service [Tomcat]
2023-10-12T22:09:20.781+05:30  INFO 1276 --- [restartedMain] o.apache.catalina.core.StandardEngine    : Starting Servlet engine: [Apache Tomcat/10.1.10]
2023-10-12T22:09:20.803+05:30  INFO 1276 --- [restartedMain] o.a.c.c.C.[Tomcat].[localhost].[/]       : Initializing Spring embedded WebApplicationContext
2023-10-12T22:09:20.804+05:30  INFO 1276 --- [restartedMain] w.s.c.ServletWebServerApplicationContext : Root WebApplicationContext: initialization completed in 472 ms
2023-10-12T22:09:20.860+05:30  INFO 1276 --- [restartedMain] o.hibernate.jpa.internal.util.LogHelper  : HHH000204: Processing PersistenceUnitInfo [name: default]
2023-10-12T22:09:20.868+05:30  INFO 1276 --- [restartedMain] o.h.b.i.BytecodeProviderInitiator        : HHH000021: Bytecode provider name : bytebuddy
2023-10-12T22:09:20.868+05:30  INFO 1276 --- [restartedMain] o.s.o.j.p.SpringPersistenceUnitInfo      : No LoadTimeWeaver setup: ignoring JPA class transformer
2023-10-12T22:09:20.870+05:30  INFO 1276 --- [restartedMain] com.zaxxer.hikari.HikariDataSource       : HikariPool-4 - Starting...
2023-10-12T22:09:20.885+05:30  INFO 1276 --- [restartedMain] com.zaxxer.hikari.pool.HikariPool        : HikariPool-4 - Added connection com.mysql.cj.jdbc.ConnectionImpl@13f759cc
2023-10-12T22:09:20.886+05:30  INFO 1276 --- [restartedMain] com.zaxxer.hikari.HikariDataSource       : HikariPool-4 - Start completed.
2023-10-12T22:09:20.950+05:30  INFO 1276 --- [restartedMain] o.h.b.i.BytecodeProviderInitiator        : HHH000021: Bytecode provider name : bytebuddy
2023-10-12T22:09:22.029+05:30  INFO 1276 --- [restartedMain] o.h.e.t.j.p.i.JtaPlatformInitiator       : HHH000490: Using JtaPlatform implementation: [org.hibernate.engine.transaction.jta.platform.internal.NoJtaPlatform]
2023-10-12T22:09:22.879+05:30  INFO 1276 --- [restartedMain] j.LocalContainerEntityManagerFactoryBean : Initialized JPA EntityManagerFactory for persistence unit 'default'
2023-10-12T22:09:23.146+05:30  WARN 1276 --- [restartedMain] JpaBaseConfiguration$JpaWebConfiguration : spring.jpa.open-in-view is enabled by default. Therefore, database queries may be performed during view rendering. Explicitly configure spring.jpa.open-in-view to disable this warning
2023-10-12T22:09:23.644+05:30  INFO 1276 --- [restartedMain] o.s.b.d.a.OptionalLiveReloadServer       : LiveReload server is running on port 35729
2023-10-12T22:09:23.666+05:30  INFO 1276 --- [restartedMain] o.s.b.w.embedded.tomcat.TomcatWebServer  : Tomcat started on port(s): 8088 (http) with context path ''
2023-10-12T22:09:23.680+05:30  INFO 1276 --- [restartedMain] .m.BusTicketReservationSystemApplication : Started BusTicketReservationSystemApplication in 3.392 seconds (process running for 792.689)
2023-10-12T22:09:23.682+05:30  INFO 1276 --- [restartedMain] .ConditionEvaluationDeltaLoggingListener : Condition evaluation unchanged
2023-10-12T22:10:11.728+05:30  INFO 1276 --- [RMI TCP Connection(30)-127.0.0.1] inMXBeanRegistrar$SpringApplicationAdmin : Application shutdown requested.
2023-10-12T22:10:11.741+05:30  INFO 1276 --- [RMI TCP Connection(30)-127.0.0.1] o.apache.catalina.core.StandardService   : Stopping service [Tomcat]
2023-10-12T22:10:11.747+05:30  INFO 1276 --- [RMI TCP Connection(30)-127.0.0.1] j.LocalContainerEntityManagerFactoryBean : Closing JPA EntityManagerFactory for persistence unit 'default'
2023-10-12T22:10:11.747+05:30  INFO 1276 --- [RMI TCP Connection(30)-127.0.0.1] com.zaxxer.hikari.HikariDataSource       : HikariPool-4 - Shutdown initiated...
2023-10-12T22:10:11.756+05:30  INFO 1276 --- [RMI TCP Connection(30)-127.0.0.1] com.zaxxer.hikari.HikariDataSource       : HikariPool-4 - Shutdown completed.
2023-10-12T22:10:14.655+05:30  INFO 3120 --- [restartedMain] .m.BusTicketReservationSystemApplication : Starting BusTicketReservationSystemApplication using Java 17.0.6 with PID 3120 (C:\Users\DISHA COMPUTERS\Desktop\Desktop\CW B29 Project\tart-clover-1298\Book My Bus(Backend)\target\classes started by DISHA COMPUTERS in C:\Users\DISHA COMPUTERS\Desktop\Desktop\CW B29 Project\tart-clover-1298\Book My Bus(Backend))
2023-10-12T22:10:14.659+05:30  INFO 3120 --- [restartedMain] .m.BusTicketReservationSystemApplication : The following 1 profile is active: "dev"
2023-10-12T22:10:14.749+05:30  INFO 3120 --- [restartedMain] .e.DevToolsPropertyDefaultsPostProcessor : Devtools property defaults active! Set 'spring.devtools.add-properties' to 'false' to disable
2023-10-12T22:10:14.750+05:30  INFO 3120 --- [restartedMain] .e.DevToolsPropertyDefaultsPostProcessor : For additional web related logging consider setting the 'logging.level.web' property to 'DEBUG'
2023-10-12T22:10:15.871+05:30  INFO 3120 --- [restartedMain] .s.d.r.c.RepositoryConfigurationDelegate : Bootstrapping Spring Data JPA repositories in DEFAULT mode.
2023-10-12T22:10:15.998+05:30  INFO 3120 --- [restartedMain] .s.d.r.c.RepositoryConfigurationDelegate : Finished Spring Data repository scanning in 111 ms. Found 6 JPA repository interfaces.
2023-10-12T22:10:16.720+05:30  INFO 3120 --- [restartedMain] o.s.b.w.embedded.tomcat.TomcatWebServer  : Tomcat initialized with port(s): 8088 (http)
2023-10-12T22:10:16.736+05:30  INFO 3120 --- [restartedMain] o.apache.catalina.core.StandardService   : Starting service [Tomcat]
2023-10-12T22:10:16.736+05:30  INFO 3120 --- [restartedMain] o.apache.catalina.core.StandardEngine    : Starting Servlet engine: [Apache Tomcat/10.1.10]
2023-10-12T22:10:16.860+05:30  INFO 3120 --- [restartedMain] o.a.c.c.C.[Tomcat].[localhost].[/]       : Initializing Spring embedded WebApplicationContext
2023-10-12T22:10:16.861+05:30  INFO 3120 --- [restartedMain] w.s.c.ServletWebServerApplicationContext : Root WebApplicationContext: initialization completed in 2110 ms
2023-10-12T22:10:17.074+05:30  INFO 3120 --- [restartedMain] o.hibernate.jpa.internal.util.LogHelper  : HHH000204: Processing PersistenceUnitInfo [name: default]
2023-10-12T22:10:17.205+05:30  INFO 3120 --- [restartedMain] org.hibernate.Version                    : HHH000412: Hibernate ORM core version 6.2.5.Final
2023-10-12T22:10:17.211+05:30  INFO 3120 --- [restartedMain] org.hibernate.cfg.Environment            : HHH000406: Using bytecode reflection optimizer
2023-10-12T22:10:17.483+05:30  INFO 3120 --- [restartedMain] o.h.b.i.BytecodeProviderInitiator        : HHH000021: Bytecode provider name : bytebuddy
2023-10-12T22:10:17.751+05:30  INFO 3120 --- [restartedMain] o.s.o.j.p.SpringPersistenceUnitInfo      : No LoadTimeWeaver setup: ignoring JPA class transformer
2023-10-12T22:10:17.783+05:30  INFO 3120 --- [restartedMain] com.zaxxer.hikari.HikariDataSource       : HikariPool-1 - Starting...
2023-10-12T22:10:18.400+05:30  INFO 3120 --- [restartedMain] com.zaxxer.hikari.pool.HikariPool        : HikariPool-1 - Added connection com.mysql.cj.jdbc.ConnectionImpl@6e059e92
2023-10-12T22:10:18.406+05:30  INFO 3120 --- [restartedMain] com.zaxxer.hikari.HikariDataSource       : HikariPool-1 - Start completed.
2023-10-12T22:10:19.246+05:30  INFO 3120 --- [restartedMain] o.h.b.i.BytecodeProviderInitiator        : HHH000021: Bytecode provider name : bytebuddy
2023-10-12T22:10:20.456+05:30  INFO 3120 --- [restartedMain] o.h.e.t.j.p.i.JtaPlatformInitiator       : HHH000490: Using JtaPlatform implementation: [org.hibernate.engine.transaction.jta.platform.internal.NoJtaPlatform]
2023-10-12T22:10:20.691+05:30  INFO 3120 --- [restartedMain] j.LocalContainerEntityManagerFactoryBean : Initialized JPA EntityManagerFactory for persistence unit 'default'
2023-10-12T22:10:22.035+05:30  WARN 3120 --- [restartedMain] JpaBaseConfiguration$JpaWebConfiguration : spring.jpa.open-in-view is enabled by default. Therefore, database queries may be performed during view rendering. Explicitly configure spring.jpa.open-in-view to disable this warning
2023-10-12T22:10:23.240+05:30  INFO 3120 --- [restartedMain] o.s.b.d.a.OptionalLiveReloadServer       : LiveReload server is running on port 35729
2023-10-12T22:10:23.317+05:30  INFO 3120 --- [restartedMain] o.s.b.w.embedded.tomcat.TomcatWebServer  : Tomcat started on port(s): 8088 (http) with context path ''
2023-10-12T22:10:23.344+05:30  INFO 3120 --- [restartedMain] .m.BusTicketReservationSystemApplication : Started BusTicketReservationSystemApplication in 9.252 seconds (process running for 10.448)
2023-10-12T22:10:59.076+05:30  INFO 3120 --- [File Watcher] rtingClassPathChangeChangedEventListener : Restarting due to 1 class path change (0 additions, 0 deletions, 1 modification)
2023-10-12T22:10:59.102+05:30  INFO 3120 --- [Thread-5] o.apache.catalina.core.StandardService   : Stopping service [Tomcat]
2023-10-12T22:10:59.113+05:30  INFO 3120 --- [Thread-5] j.LocalContainerEntityManagerFactoryBean : Closing JPA EntityManagerFactory for persistence unit 'default'
2023-10-12T22:10:59.126+05:30  INFO 3120 --- [Thread-5] com.zaxxer.hikari.HikariDataSource       : HikariPool-1 - Shutdown initiated...
2023-10-12T22:10:59.143+05:30  INFO 3120 --- [Thread-5] com.zaxxer.hikari.HikariDataSource       : HikariPool-1 - Shutdown completed.
